<?xml version="1.0" encoding="UTF-8"?>
<!-- Generated by org.testng.reporters.JUnitReportReporter -->
<testsuite skipped="0" hostname="6VONETUM41T5TPY" name="com.vtiger.qa.testcases.IndexPageTestCases" tests="1" failures="0" timestamp="18 Jul 2020 18:37:43 GMT" time="0.087" errors="0">
  <testcase name="verifyTitle" time="0.087" classname="com.vtiger.qa.testcases.IndexPageTestCases"/>
</testsuite> <!-- com.vtiger.qa.testcases.IndexPageTestCases -->
