<?xml version="1.0" encoding="UTF-8"?>
<!-- Generated by org.testng.reporters.JUnitReportReporter -->
<testsuite skipped="0" hostname="LAPTOP-5TF99DOD" name="com.vtiger.qa.testcases.LoginPageTest" tests="6" failures="0" timestamp="21 Jul 2020 08:24:37 GMT" time="0.408" errors="0">
  <testcase name="loginPageTitleTest" time="0.010" classname="com.vtiger.qa.testcases.LoginPageTest"/>
  <testcase name="logoTest" time="0.079" classname="com.vtiger.qa.testcases.LoginPageTest"/>
  <testcase name="googleLinkTest" time="0.034" classname="com.vtiger.qa.testcases.LoginPageTest"/>
  <testcase name="microsoftLinkTest" time="0.075" classname="com.vtiger.qa.testcases.LoginPageTest"/>
  <testcase name="linkedInLinkTest" time="0.027" classname="com.vtiger.qa.testcases.LoginPageTest"/>
  <testcase name="loginTest" time="0.183" classname="com.vtiger.qa.testcases.LoginPageTest"/>
</testsuite> <!-- com.vtiger.qa.testcases.LoginPageTest -->
