<?xml version="1.0" encoding="UTF-8"?>
<!-- Generated by org.testng.reporters.JUnitReportReporter -->
<testsuite skipped="0" hostname="6VONETUM41T5TPY" name="com.vtiger.qa.testcases.IndexPageTestCases" tests="2" failures="0" timestamp="20 Jul 2020 07:39:05 GMT" time="4.752" errors="0">
  <testcase name="verifyTitle" time="0.114" classname="com.vtiger.qa.testcases.IndexPageTestCases"/>
  <testcase name="verifyLoginLink" time="4.638" classname="com.vtiger.qa.testcases.IndexPageTestCases"/>
</testsuite> <!-- com.vtiger.qa.testcases.IndexPageTestCases -->
