<?xml version="1.0" encoding="UTF-8"?>
<!-- Generated by org.testng.reporters.JUnitReportReporter -->
<testsuite skipped="0" hostname="6VONETUM41T5TPY" name="com.vtiger.qa.testcases.LoginPageTest" tests="6" failures="0" timestamp="2020-07-24T14:48:22 IST" time="206.684" errors="0">
  <testcase name="loginPageTitleTest" time="42.839" classname="com.vtiger.qa.testcases.LoginPageTest"/>
  <system-out/>
  <testcase name="logoTest" time="31.056" classname="com.vtiger.qa.testcases.LoginPageTest"/>
  <system-out/>
  <testcase name="googleLinkTest" time="47.901" classname="com.vtiger.qa.testcases.LoginPageTest"/>
  <system-out/>
  <testcase name="microsoftLinkTest" time="31.100" classname="com.vtiger.qa.testcases.LoginPageTest"/>
  <system-out/>
  <testcase name="linkedInLinkTest" time="23.759" classname="com.vtiger.qa.testcases.LoginPageTest"/>
  <system-out/>
  <testcase name="loginTest" time="30.029" classname="com.vtiger.qa.testcases.LoginPageTest"/>
  <system-out/>
</testsuite> <!-- com.vtiger.qa.testcases.LoginPageTest -->
