<?xml version="1.0" encoding="UTF-8"?>
<!-- Generated by org.testng.reporters.JUnitReportReporter -->
<testsuite skipped="0" hostname="6VONETUM41T5TPY" name="com.vtiger.qa.testcases.SignUpPageTestCase" tests="1" failures="0" timestamp="23 Jul 2020 09:46:26 GMT" time="7.967" errors="0">
  <testcase name="clickSignUpButton" time="7.967" classname="com.vtiger.qa.testcases.SignUpPageTestCase"/>
</testsuite> <!-- com.vtiger.qa.testcases.SignUpPageTestCase -->
