<?xml version="1.0" encoding="UTF-8"?>
<!-- Generated by org.testng.reporters.JUnitReportReporter -->
<testsuite skipped="0" hostname="6VONETUM41T5TPY" name="com.vtiger.qa.testcases.IndexPageTestCases" tests="2" failures="0" timestamp="21 Jul 2020 04:55:51 GMT" time="7.117" errors="0">
  <testcase name="verifyTitle" time="0.091" classname="com.vtiger.qa.testcases.IndexPageTestCases"/>
  <testcase name="verifyLoginLink" time="7.026" classname="com.vtiger.qa.testcases.IndexPageTestCases"/>
</testsuite> <!-- com.vtiger.qa.testcases.IndexPageTestCases -->
