<?xml version="1.0" encoding="UTF-8"?>
<!-- Generated by org.testng.reporters.JUnitReportReporter -->
<testsuite skipped="0" hostname="6VONETUM41T5TPY" name="com.vtiger.qa.testcases.IndexPageTestCases" tests="1" failures="0" timestamp="2020-07-24T15:16:27 IST" time="42.581" errors="0">
  <testcase name="verifyPricingLink" time="42.581" classname="com.vtiger.qa.testcases.IndexPageTestCases"/>
  <system-out/>
</testsuite> <!-- com.vtiger.qa.testcases.IndexPageTestCases -->
