<?xml version="1.0" encoding="UTF-8"?>
<!-- Generated by org.testng.reporters.JUnitReportReporter -->
<testsuite skipped="0" hostname="6VONETUM41T5TPY" name="com.vtiger.qa.testcases.IndexPageTestCases" tests="2" failures="0" timestamp="18 Jul 2020 13:48:06 GMT" time="0.010" errors="0">
  <testcase name="demo1" time="0.002" classname="com.vtiger.qa.testcases.IndexPageTestCases"/>
  <testcase name="demo" time="0.008" classname="com.vtiger.qa.testcases.IndexPageTestCases"/>
</testsuite> <!-- com.vtiger.qa.testcases.IndexPageTestCases -->
